{'pid': 0, 'name': 'System Idle Process', 'username': 'NT AUTHORITY\\SYSTEM'}
{'pid': 4, 'name': 'System', 'username': 'NT AUTHORITY\\SYSTEM'}
{'pid': 84, 'name': 'services.exe', 'username': None}
{'pid': 124, 'name': 'Registry', 'username': None}
{'pid': 144, 'name': 'msedge.exe', 'username': 'RAMBO-2684\\Legion'}
{'pid': 340, 'name': 'lsass.exe', 'username': None}
{'pid': 388, 'name': 'msedge.exe', 'username': 'RAMBO-2684\\Legion'}
{'pid': 464, 'name': 'msedge.exe', 'username': 'RAMBO-2684\\Legion'}
{'pid': 520, 'name': 'smss.exe', 'username': None}
{'pid': 808, 'name': 'svchost.exe', 'username': None}
{'pid': 840, 'name': 'dllhost.exe', 'username': 'RAMBO-2684\\Legion'}
{'pid': 852, 'name': 'csrss.exe', 'username': None}
{'pid': 956, 'name': 'wininit.exe', 'username': None}
{'pid': 992, 'name': 'RuntimeBroker.exe', 'username': 'RAMBO-2684\\Legion'}
{'pid': 1032, 'name': 'fontdrvhost.exe', 'username': None}
{'pid': 1064, 'name': 'svchost.exe', 'username': 'RAMBO-2684\\Legion'}
{'pid': 1188, 'name': 'svchost.exe', 'username': None}
{'pid': 1208, 'name': 'python.exe', 'username': 'RAMBO-2684\\Legion'}
{'pid': 1256, 'name': 'svchost.exe', 'username': None}
{'pid': 1268, 'name': 'jupyter-notebook.exe', 'username': 'RAMBO-2684\\Legion'}
{'pid': 1284, 'name': 'msedge.exe', 'username': 'RAMBO-2684\\Legion'}
{'pid': 1328, 'name': 'WUDFHost.exe', 'username': None}
{'pid': 1380, 'name': 'WinStore.App.exe', 'username': 'RAMBO-2684\\Legion'}
{'pid': 1388, 'name': 'svchost.exe', 'username': None}
{'pid': 1444, 'name': 'SettingSyncHost.exe', 'username': 'RAMBO-2684\\Legion'}
{'pid': 1464, 'name': 'WUDFHost.exe', 'username': None}
{'pid': 1580, 'name': 'SearchApp.exe', 'username': 'RAMBO-2684\\Legion'}
{'pid': 1632, 'name': 'svchost.exe', 'username': None}
{'pid': 1652, 'name': 'svchost.exe', 'username': None}
{'pid': 1664, 'name': 'svchost.exe', 'username': None}
{'pid': 1672, 'name': 'svchost.exe', 'username': None}
{'pid': 1824, 'name': 'svchost.exe', 'username': None}
{'pid': 1844, 'name': 'svchost.exe', 'username': None}
{'pid': 1960, 'name': 'svchost.exe', 'username': None}
{'pid': 1968, 'name': 'svchost.exe', 'username': None}
{'pid': 1988, 'name': 'IntelCpHDCPSvc.exe', 'username': None}
{'pid': 2000, 'name': 'svchost.exe', 'username': None}
{'pid': 2028, 'name': 'svchost.exe', 'username': None}
{'pid': 2096, 'name': 'python.exe', 'username': 'RAMBO-2684\\Legion'}
{'pid': 2152, 'name': 'svchost.exe', 'username': None}
{'pid': 2188, 'name': 'svchost.exe', 'username': None}
{'pid': 2212, 'name': 'sihost.exe', 'username': 'RAMBO-2684\\Legion'}
{'pid': 2272, 'name': 'RuntimeBroker.exe', 'username': 'RAMBO-2684\\Legion'}
{'pid': 2308, 'name': 'svchost.exe', 'username': None}
{'pid': 2316, 'name': 'IntelCpHeciSvc.exe', 'username': None}
{'pid': 2332, 'name': 'Lenovo.Modern.ImController.PluginHost.CompanionApp.exe', 'username': 'RAMBO-2684\\Legion'}
{'pid': 2368, 'name': 'svchost.exe', 'username': None}
{'pid': 2380, 'name': 'svchost.exe', 'username': None}
{'pid': 2396, 'name': 'svchost.exe', 'username': None}
{'pid': 2404, 'name': 'svchost.exe', 'username': None}
{'pid': 2408, 'name': 'svchost.exe', 'username': None}
{'pid': 2536, 'name': 'notepad++.exe', 'username': 'RAMBO-2684\\Legion'}
{'pid': 2612, 'name': 'igfxCUIService.exe', 'username': None}
{'pid': 2640, 'name': 'SUService.exe', 'username': None}
{'pid': 2660, 'name': 'svchost.exe', 'username': None}
{'pid': 2684, 'name': 'svchost.exe', 'username': None}
{'pid': 2796, 'name': 'svchost.exe', 'username': None}
{'pid': 2896, 'name': 'svchost.exe', 'username': None}
{'pid': 2916, 'name': 'msedge.exe', 'username': 'RAMBO-2684\\Legion'}
{'pid': 2952, 'name': 'svchost.exe', 'username': None}
{'pid': 2964, 'name': 'svchost.exe', 'username': None}
{'pid': 2988, 'name': 'msedge.exe', 'username': 'RAMBO-2684\\Legion'}
{'pid': 3040, 'name': 'svchost.exe', 'username': None}
{'pid': 3136, 'name': 'svchost.exe', 'username': None}
{'pid': 3160, 'name': 'svchost.exe', 'username': None}
{'pid': 3168, 'name': 'svchost.exe', 'username': None}
{'pid': 3232, 'name': 'svchost.exe', 'username': None}
{'pid': 3272, 'name': 'svchost.exe', 'username': None}
{'pid': 3432, 'name': 'dasHost.exe', 'username': None}
{'pid': 3576, 'name': 'SystemSettings.exe', 'username': 'RAMBO-2684\\Legion'}
{'pid': 3596, 'name': 'PresentationFontCache.exe', 'username': None}
{'pid': 3792, 'name': 'svchost.exe', 'username': None}
{'pid': 3984, 'name': 'RuntimeBroker.exe', 'username': 'RAMBO-2684\\Legion'}
{'pid': 4004, 'name': 'svchost.exe', 'username': None}
{'pid': 4024, 'name': 'YourPhone.exe', 'username': 'RAMBO-2684\\Legion'}
{'pid': 4060, 'name': 'SearchIndexer.exe', 'username': None}
{'pid': 4104, 'name': 'msedge.exe', 'username': 'RAMBO-2684\\Legion'}
{'pid': 4124, 'name': 'ARWSRVC.EXE', 'username': None}
{'pid': 4132, 'name': 'SCSECSVC.EXE', 'username': None}
{'pid': 4220, 'name': 'NVDisplay.Container.exe', 'username': None}
{'pid': 4380, 'name': 'BSSISS.EXE', 'username': None}
{'pid': 4388, 'name': 'svchost.exe', 'username': None}
{'pid': 4416, 'name': 'svchost.exe', 'username': None}
{'pid': 4556, 'name': 'svchost.exe', 'username': None}
{'pid': 4564, 'name': 'svchost.exe', 'username': None}
{'pid': 4584, 'name': 'MemCompression', 'username': None}
{'pid': 4704, 'name': 'svchost.exe', 'username': None}
{'pid': 4716, 'name': 'svchost.exe', 'username': None}
{'pid': 4928, 'name': 'conhost.exe', 'username': 'RAMBO-2684\\Legion'}
{'pid': 5180, 'name': 'svchost.exe', 'username': None}
{'pid': 5240, 'name': 'svchost.exe', 'username': None}
{'pid': 5280, 'name': 'svchost.exe', 'username': None}
{'pid': 5300, 'name': 'svchost.exe', 'username': None}
{'pid': 5544, 'name': 'svchost.exe', 'username': None}
{'pid': 5560, 'name': 'LMS.exe', 'username': None}
{'pid': 5572, 'name': 'svchost.exe', 'username': None}
{'pid': 5668, 'name': 'svchost.exe', 'username': 'RAMBO-2684\\Legion'}
{'pid': 5700, 'name': 'svchost.exe', 'username': None}
{'pid': 5756, 'name': 'WmiPrvSE.exe', 'username': None}
{'pid': 5884, 'name': 'svchost.exe', 'username': None}
{'pid': 5904, 'name': 'svchost.exe', 'username': None}
{'pid': 6076, 'name': 'RuntimeBroker.exe', 'username': 'RAMBO-2684\\Legion'}
{'pid': 6080, 'name': 'explorer.exe', 'username': 'RAMBO-2684\\Legion'}
{'pid': 6116, 'name': 'conhost.exe', 'username': None}
{'pid': 6124, 'name': 'Lenovo.Modern.ImController.exe', 'username': None}
{'pid': 6132, 'name': 'LenovoVantageService.exe', 'username': None}
{'pid': 6148, 'name': 'svchost.exe', 'username': None}
{'pid': 6164, 'name': 'wlanext.exe', 'username': None}
{'pid': 6296, 'name': 'msedge.exe', 'username': 'RAMBO-2684\\Legion'}
{'pid': 6400, 'name': 'svchost.exe', 'username': None}
{'pid': 6412, 'name': 'svchost.exe', 'username': None}
{'pid': 6756, 'name': 'svchost.exe', 'username': None}
{'pid': 6772, 'name': 'NVDisplay.Container.exe', 'username': None}
{'pid': 6804, 'name': 'svchost.exe', 'username': None}
{'pid': 6840, 'name': 'conhost.exe', 'username': None}
{'pid': 6940, 'name': 'spoolsv.exe', 'username': None}
{'pid': 6996, 'name': 'svchost.exe', 'username': None}
{'pid': 7596, 'name': 'OPSSVC.EXE', 'username': None}
{'pid': 7612, 'name': 'Lenovo.Modern.ImController.PluginHost.SettingsApp.exe', 'username': 'RAMBO-2684\\Legion'}
{'pid': 7652, 'name': 'armsvc.exe', 'username': None}
{'pid': 7684, 'name': 'QHPISVR.EXE', 'username': None}
{'pid': 7692, 'name': 'AdobeUpdateService.exe', 'username': None}
{'pid': 7720, 'name': 'AGMService.exe', 'username': None}
{'pid': 7736, 'name': 'AGSService.exe', 'username': None}
{'pid': 7744, 'name': 'AnyDesk.exe', 'username': None}
{'pid': 7752, 'name': 'conhost.exe', 'username': None}
{'pid': 7796, 'name': 'AppleMobileDeviceService.exe', 'username': None}
{'pid': 7812, 'name': 'BDSSVC.EXE', 'username': None}
{'pid': 7820, 'name': 'mDNSResponder.exe', 'username': None}
{'pid': 7840, 'name': 'svchost.exe', 'username': None}
{'pid': 7864, 'name': 'msedge.exe', 'username': 'RAMBO-2684\\Legion'}
{'pid': 7928, 'name': 'svchost.exe', 'username': None}
{'pid': 7980, 'name': 'svchost.exe', 'username': None}
{'pid': 8012, 'name': 'DAX3API.exe', 'username': None}
{'pid': 8020, 'name': 'DSAService.exe', 'username': None}
{'pid': 8028, 'name': 'ibtsiva.exe', 'username': None}
{'pid': 8036, 'name': 'cmw_srv.exe', 'username': None}
{'pid': 8044, 'name': 'emlproxy.exe', 'username': None}
{'pid': 8056, 'name': 'FMService64.exe', 'username': None}
{'pid': 8076, 'name': 'FbService.exe', 'username': None}
{'pid': 8084, 'name': 'OneApp.IGCC.WinService.exe', 'username': None}
{'pid': 8096, 'name': 'svchost.exe', 'username': None}
{'pid': 8184, 'name': 'esif_uf.exe', 'username': None}
{'pid': 8228, 'name': 'LogiRegistryService.exe', 'username': None}
{'pid': 8252, 'name': 'mfemms.exe', 'username': None}
{'pid': 8304, 'name': 'svchost.exe', 'username': None}
{'pid': 8328, 'name': 'nvcontainer.exe', 'username': None}
{'pid': 8336, 'name': 'REPRSVC.EXE', 'username': None}
{'pid': 8352, 'name': 'QUHLPSVC.EXE', 'username': None}
{'pid': 8388, 'name': 'RtkAudUService64.exe', 'username': None}
{'pid': 8428, 'name': 'svchost.exe', 'username': None}
{'pid': 8464, 'name': 'RstMwService.exe', 'username': None}
{'pid': 8524, 'name': 'svchost.exe', 'username': None}
{'pid': 8632, 'name': 'Lavasoft.WCAssistant.WinService.exe', 'username': None}
{'pid': 8644, 'name': 'RuntimeBroker.exe', 'username': 'RAMBO-2684\\Legion'}
{'pid': 8656, 'name': 'svchost.exe', 'username': None}
{'pid': 8708, 'name': 'CastSrv.exe', 'username': 'RAMBO-2684\\Legion'}
{'pid': 8864, 'name': 'unsecapp.exe', 'username': None}
{'pid': 8872, 'name': 'svchost.exe', 'username': None}
{'pid': 8936, 'name': 'svchost.exe', 'username': None}
{'pid': 9112, 'name': 'jhi_service.exe', 'username': None}
{'pid': 9156, 'name': 'DAX3API.exe', 'username': None}
{'pid': 9172, 'name': 'svchost.exe', 'username': None}
{'pid': 9388, 'name': 'cmd.exe', 'username': 'RAMBO-2684\\Legion'}
{'pid': 9396, 'name': 'svchost.exe', 'username': None}
{'pid': 9432, 'name': 'msedge.exe', 'username': 'RAMBO-2684\\Legion'}
{'pid': 9536, 'name': 'mfevtps.exe', 'username': None}
{'pid': 9848, 'name': 'SgrmBroker.exe', 'username': None}
{'pid': 9904, 'name': 'svchost.exe', 'username': None}
{'pid': 10052, 'name': 'msedge.exe', 'username': 'RAMBO-2684\\Legion'}
{'pid': 10080, 'name': 'SCANWSCS.EXE', 'username': None}
{'pid': 10132, 'name': 'dwm.exe', 'username': None}
{'pid': 10200, 'name': 'svchost.exe', 'username': None}
{'pid': 10232, 'name': 'RuntimeBroker.exe', 'username': 'RAMBO-2684\\Legion'}
{'pid': 10412, 'name': 'svchost.exe', 'username': None}
{'pid': 10584, 'name': 'msedge.exe', 'username': 'RAMBO-2684\\Legion'}
{'pid': 10744, 'name': 'mfefire.exe', 'username': None}
{'pid': 10860, 'name': 'MMSSHOST.exe', 'username': None}
{'pid': 10988, 'name': 'msedge.exe', 'username': 'RAMBO-2684\\Legion'}
{'pid': 11344, 'name': 'cmd.exe', 'username': 'RAMBO-2684\\Legion'}
{'pid': 11372, 'name': 'RuntimeBroker.exe', 'username': 'RAMBO-2684\\Legion'}
{'pid': 11660, 'name': 'RuntimeBroker.exe', 'username': 'RAMBO-2684\\Legion'}
{'pid': 11820, 'name': 'DSAUpdateService.exe', 'username': None}
{'pid': 11848, 'name': 'TextInputHost.exe', 'username': 'RAMBO-2684\\Legion'}
{'pid': 12012, 'name': 'svchost.exe', 'username': None}
{'pid': 12112, 'name': 'msedge.exe', 'username': 'RAMBO-2684\\Legion'}
{'pid': 12308, 'name': 'python.exe', 'username': 'RAMBO-2684\\Legion'}
{'pid': 12384, 'name': 'RuntimeBroker.exe', 'username': 'RAMBO-2684\\Legion'}
{'pid': 12444, 'name': 'msedge.exe', 'username': 'RAMBO-2684\\Legion'}
{'pid': 12464, 'name': 'svchost.exe', 'username': 'RAMBO-2684\\Legion'}
{'pid': 12536, 'name': 'smartscreen.exe', 'username': 'RAMBO-2684\\Legion'}
{'pid': 12760, 'name': 'msedge.exe', 'username': 'RAMBO-2684\\Legion'}
{'pid': 13012, 'name': 'svchost.exe', 'username': None}
{'pid': 13116, 'name': 'nvcontainer.exe', 'username': 'RAMBO-2684\\Legion'}
{'pid': 13204, 'name': 'taskhostw.exe', 'username': 'RAMBO-2684\\Legion'}
{'pid': 13444, 'name': 'UserOOBEBroker.exe', 'username': 'RAMBO-2684\\Legion'}
{'pid': 13568, 'name': 'winlogon.exe', 'username': None}
{'pid': 13796, 'name': 'cmd.exe', 'username': 'RAMBO-2684\\Legion'}
{'pid': 13812, 'name': 'NVIDIA Web Helper.exe', 'username': 'RAMBO-2684\\Legion'}
{'pid': 14012, 'name': 'msedge.exe', 'username': 'RAMBO-2684\\Legion'}
{'pid': 14052, 'name': 'python.exe', 'username': 'RAMBO-2684\\Legion'}
{'pid': 14284, 'name': 'MoUsoCoreWorker.exe', 'username': None}
{'pid': 14468, 'name': 'cmd.exe', 'username': 'RAMBO-2684\\Legion'}
{'pid': 14496, 'name': 'conhost.exe', 'username': 'RAMBO-2684\\Legion'}
{'pid': 14624, 'name': 'RtkAudUService64.exe', 'username': 'RAMBO-2684\\Legion'}
{'pid': 14724, 'name': 'svchost.exe', 'username': None}
{'pid': 14736, 'name': 'OSPPSVC.EXE', 'username': None}
{'pid': 14808, 'name': 'WWAHost.exe', 'username': 'RAMBO-2684\\Legion'}
{'pid': 14952, 'name': 'msedge.exe', 'username': 'RAMBO-2684\\Legion'}
{'pid': 15244, 'name': 'svchost.exe', 'username': None}
{'pid': 15296, 'name': 'taskhostw.exe', 'username': 'RAMBO-2684\\Legion'}
{'pid': 15412, 'name': 'svchost.exe', 'username': None}
{'pid': 15428, 'name': 'mfevtps.exe', 'username': None}
{'pid': 15788, 'name': 'conhost.exe', 'username': 'RAMBO-2684\\Legion'}
{'pid': 15824, 'name': 'python.exe', 'username': 'RAMBO-2684\\Legion'}
{'pid': 15964, 'name': 'msedge.exe', 'username': 'RAMBO-2684\\Legion'}
{'pid': 16036, 'name': 'svchost.exe', 'username': None}
{'pid': 16096, 'name': 'Video.UI.exe', 'username': 'RAMBO-2684\\Legion'}
{'pid': 16152, 'name': 'utility.exe', 'username': 'RAMBO-2684\\Legion'}
{'pid': 16224, 'name': 'LockApp.exe', 'username': 'RAMBO-2684\\Legion'}
{'pid': 16396, 'name': 'cmd.exe', 'username': 'RAMBO-2684\\Legion'}
{'pid': 16480, 'name': 'igfxEM.exe', 'username': 'RAMBO-2684\\Legion'}
{'pid': 16508, 'name': 'rundll32.exe', 'username': 'RAMBO-2684\\Legion'}
{'pid': 16536, 'name': 'GoogleCrashHandler.exe', 'username': None}
{'pid': 16552, 'name': 'svchost.exe', 'username': 'RAMBO-2684\\Legion'}
{'pid': 16596, 'name': 'Lenovo.Modern.ImController.PluginHost.CompanionApp.exe', 'username': 'RAMBO-2684\\Legion'}
{'pid': 16604, 'name': 'GoogleCrashHandler64.exe', 'username': None}
{'pid': 16748, 'name': 'ONLINENT.EXE', 'username': 'RAMBO-2684\\Legion'}
{'pid': 17080, 'name': 'livelywpf.exe', 'username': 'RAMBO-2684\\Legion'}
{'pid': 17180, 'name': 'msedge.exe', 'username': 'RAMBO-2684\\Legion'}
{'pid': 17192, 'name': 'svchost.exe', 'username': None}
{'pid': 17248, 'name': 'msedge.exe', 'username': 'RAMBO-2684\\Legion'}
{'pid': 17296, 'name': 'csrss.exe', 'username': None}
{'pid': 17368, 'name': 'ctfmon.exe', 'username': 'RAMBO-2684\\Legion'}
{'pid': 17496, 'name': 'msedge.exe', 'username': 'RAMBO-2684\\Legion'}
{'pid': 17712, 'name': 'SecurityHealthService.exe', 'username': None}
{'pid': 17800, 'name': 'dllhost.exe', 'username': 'RAMBO-2684\\Legion'}
{'pid': 17828, 'name': 'jupyter-notebook.exe', 'username': 'RAMBO-2684\\Legion'}
{'pid': 17932, 'name': 'msedge.exe', 'username': 'RAMBO-2684\\Legion'}
{'pid': 17968, 'name': 'Lenovo.Modern.ImController.PluginHost.Device.exe', 'username': None}
{'pid': 17980, 'name': 'cmd.exe', 'username': 'RAMBO-2684\\Legion'}
{'pid': 18020, 'name': 'svchost.exe', 'username': None}
{'pid': 18036, 'name': 'msedge.exe', 'username': 'RAMBO-2684\\Legion'}
{'pid': 18096, 'name': 'msedge.exe', 'username': 'RAMBO-2684\\Legion'}
{'pid': 18104, 'name': 'msedge.exe', 'username': 'RAMBO-2684\\Legion'}
{'pid': 18332, 'name': 'msedge.exe', 'username': 'RAMBO-2684\\Legion'}
{'pid': 18340, 'name': 'Lenovo.Modern.ImController.PluginHost.Device.exe', 'username': 'RAMBO-2684\\Legion'}
{'pid': 18660, 'name': 'svchost.exe', 'username': 'RAMBO-2684\\Legion'}
{'pid': 18804, 'name': 'svchost.exe', 'username': None}
{'pid': 18816, 'name': 'svchost.exe', 'username': None}
{'pid': 18940, 'name': 'StartMenuExperienceHost.exe', 'username': 'RAMBO-2684\\Legion'}
{'pid': 18944, 'name': 'DSATray.exe', 'username': 'RAMBO-2684\\Legion'}
{'pid': 19156, 'name': 'explorer.exe', 'username': 'RAMBO-2684\\Legion'}
{'pid': 19272, 'name': 'conhost.exe', 'username': 'RAMBO-2684\\Legion'}
{'pid': 19284, 'name': 'jupyter-notebook.exe', 'username': 'RAMBO-2684\\Legion'}
{'pid': 19368, 'name': 'mcapexe.exe', 'username': None}
{'pid': 19380, 'name': 'fontdrvhost.exe', 'username': None}
{'pid': 19624, 'name': 'Lenovo.Modern.ImController.PluginHost.Device.exe', 'username': 'RAMBO-2684\\Legion'}
{'pid': 19644, 'name': 'python.exe', 'username': 'RAMBO-2684\\Legion'}
{'pid': 19764, 'name': 'ApplicationFrameHost.exe', 'username': 'RAMBO-2684\\Legion'}
{'pid': 19972, 'name': 'svchost.exe', 'username': None}
{'pid': 20096, 'name': 'ShellExperienceHost.exe', 'username': 'RAMBO-2684\\Legion'}
{'pid': 20156, 'name': 'jupyter-notebook.exe', 'username': 'RAMBO-2684\\Legion'}
{'pid': 20192, 'name': 'RuntimeBroker.exe', 'username': 'RAMBO-2684\\Legion'}
{'pid': 20320, 'name': 'msedge.exe', 'username': 'RAMBO-2684\\Legion'}
{'pid': 20448, 'name': 'python.exe', 'username': 'RAMBO-2684\\Legion'}
{'pid': 20568, 'name': 'conhost.exe', 'username': 'RAMBO-2684\\Legion'}
{'pid': 20584, 'name': 'YourPhoneServer.exe', 'username': 'RAMBO-2684\\Legion'}
{'pid': 20764, 'name': 'CompPkgSrv.exe', 'username': 'RAMBO-2684\\Legion'}
{'pid': 20820, 'name': 'msedge.exe', 'username': 'RAMBO-2684\\Legion'}
{'pid': 20852, 'name': 'msedge.exe', 'username': 'RAMBO-2684\\Legion'}
{'pid': 20956, 'name': 'conhost.exe', 'username': 'RAMBO-2684\\Legion'}
{'pid': 21068, 'name': 'conhost.exe', 'username': 'RAMBO-2684\\Legion'}
{'pid': 21136, 'name': 'LSB.exe', 'username': 'RAMBO-2684\\Legion'}
{'pid': 21172, 'name': 'msedge.exe', 'username': 'RAMBO-2684\\Legion'}
{'pid': 21416, 'name': 'msedge.exe', 'username': 'RAMBO-2684\\Legion'}
{'pid': 21420, 'name': 'SAPISSVC.EXE', 'username': None}
